<?xml version="1.0" encoding="UTF-8"?>
<!-- Generated by org.testng.reporters.JUnitReportReporter -->
<testsuite hostname="Sushma" failures="0" tests="1" name="Test_Class.Put_Tc1" time="1.095" errors="0" timestamp="2023-07-06T15:03:45 IST" skipped="0">
  <testcase classname="Test_Class.Put_Tc1" name="extractor" time="1.095"/>
  <system-out/>
</testsuite> <!-- Test_Class.Put_Tc1 -->
